[debug] [2022-11-10T04:27:34.900Z] ----------------------------------------------------------------------
[debug] [2022-11-10T04:27:34.901Z] Command:       /Users/jelyncorners/.nvm/versions/node/v18.7.0/bin/node /Users/jelyncorners/.nvm/versions/node/v18.7.0/bin/firebase init hosting:github
[debug] [2022-11-10T04:27:34.902Z] CLI Version:   11.14.3
[debug] [2022-11-10T04:27:34.902Z] Platform:      darwin
[debug] [2022-11-10T04:27:34.902Z] Node Version:  v18.7.0
[debug] [2022-11-10T04:27:34.902Z] Time:          Wed Nov 09 2022 20:27:34 GMT-0800 (Pacific Standard Time)
[debug] [2022-11-10T04:27:34.902Z] ----------------------------------------------------------------------
[debug] 
[debug] [2022-11-10T04:27:34.934Z] > command requires scopes: ["email","openid","https://www.googleapis.com/auth/cloudplatformprojects.readonly","https://www.googleapis.com/auth/firebase","https://www.googleapis.com/auth/cloud-platform"]
[debug] [2022-11-10T04:27:34.935Z] > authorizing via signed-in user (jelyn.corners@gmail.com)
[info] 
     ######## #### ########  ######## ########     ###     ######  ########
     ##        ##  ##     ## ##       ##     ##  ##   ##  ##       ##
     ######    ##  ########  ######   ########  #########  ######  ######
     ##        ##  ##    ##  ##       ##     ## ##     ##       ## ##
     ##       #### ##     ## ######## ########  ##     ##  ######  ########

You're about to initialize a Firebase project in this directory:

  /Users/jelyncorners/Library/CloudStorage/OneDrive-Personal/MIT xPRO/Week 30/testing-and-devops-self-study-activities_starter/CICD - Web Page Deploy to AWS-S3

Before we get started, keep in mind:

  * You are initializing within an existing Firebase project directory

[info] 
=== Project Setup
[info] 
[info] First, let's associate this project directory with a Firebase project.
[info] You can create multiple project aliases by running firebase use --add, 
[info] but for now we'll just set up a default project.
[info] 
[debug] [2022-11-10T04:27:34.936Z] Using project from CLI flag: badbankcornersfirebase
[debug] [2022-11-10T04:27:34.937Z] >>> [apiv2][query] GET https://firebase.googleapis.com/v1beta1/projects/badbankcornersfirebase [none]
[debug] [2022-11-10T04:27:35.376Z] <<< [apiv2][status] GET https://firebase.googleapis.com/v1beta1/projects/badbankcornersfirebase 200
[debug] [2022-11-10T04:27:35.376Z] <<< [apiv2][body] GET https://firebase.googleapis.com/v1beta1/projects/badbankcornersfirebase {"projectId":"badbankcornersfirebase","projectNumber":"716284323929","displayName":"badbankcornersfirebase","name":"projects/badbankcornersfirebase","resources":{"hostingSite":"badbankcornersfirebase"},"state":"ACTIVE","etag":"1_50df43d5-228a-4529-8b3d-4b78ee140b73"}
[info] i  Using project badbankcornersfirebase (badbankcornersfirebase) 
[info] 
=== Hosting:github Setup
[info] 
[info] i  Didn't detect a .git folder. Assuming /Users/jelyncorners/Library/CloudStorage/OneDrive-Personal/MIT xPRO/Week 30/testing-and-devops-self-study-activities_starter/CICD - Web Page Deploy to AWS-S3 is the project root. 
[info] i  Authorizing with GitHub to upload your service account to a GitHub repository's secrets store. 
[info] 
[info] Visit this URL on this device to log in:
[info] https://github.com/login/oauth/authorize?client_id=89cf50f02ac6aaed3484&state=669423100&redirect_uri=http%3A%2F%2Flocalhost%3A9005&scope=read%3Auser%20repo%20public_repo
[info] 
[info] Waiting for authentication...
[debug] [2022-11-10T04:27:35.744Z] >>> [apiv2][query] POST https://github.com/login/oauth/access_token [none]
[debug] [2022-11-10T04:27:35.744Z] >>> [apiv2][body] POST https://github.com/login/oauth/access_token [stream]
[debug] [2022-11-10T04:27:36.072Z] <<< [apiv2][status] POST https://github.com/login/oauth/access_token 200
[debug] [2022-11-10T04:27:36.073Z] <<< [apiv2][body] POST https://github.com/login/oauth/access_token {"access_token":"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","token_type":"bearer","scope":"read:user,repo"}
[debug] [2022-11-10T04:27:36.089Z] >>> [apiv2][query] GET https://api.github.com/user [none]
[debug] [2022-11-10T04:27:36.424Z] <<< [apiv2][status] GET https://api.github.com/user 200
[debug] [2022-11-10T04:27:36.424Z] <<< [apiv2][body] GET https://api.github.com/user {"login":"jelyncorners","id":99438112,"node_id":"U_kgDOBe1OIA","avatar_url":"https://avatars.githubusercontent.com/u/99438112?v=4","gravatar_id":"","url":"https://api.github.com/users/jelyncorners","html_url":"https://github.com/jelyncorners","followers_url":"https://api.github.com/users/jelyncorners/followers","following_url":"https://api.github.com/users/jelyncorners/following{/other_user}","gists_url":"https://api.github.com/users/jelyncorners/gists{/gist_id}","starred_url":"https://api.github.com/users/jelyncorners/starred{/owner}{/repo}","subscriptions_url":"https://api.github.com/users/jelyncorners/subscriptions","organizations_url":"https://api.github.com/users/jelyncorners/orgs","repos_url":"https://api.github.com/users/jelyncorners/repos","events_url":"https://api.github.com/users/jelyncorners/events{/privacy}","received_events_url":"https://api.github.com/users/jelyncorners/received_events","type":"User","site_admin":false,"name":"Jelyn Corners","company":null,"blog":"","location":"California","email":null,"hireable":null,"bio":null,"twitter_username":null,"public_repos":14,"public_gists":0,"followers":0,"following":0,"created_at":"2022-02-10T20:09:10Z","updated_at":"2022-11-10T03:57:03Z","private_gists":0,"total_private_repos":2,"owned_private_repos":2,"disk_usage":13237,"collaborators":0,"two_factor_authentication":false,"plan":{"name":"free","space":976562499,"collaborators":0,"private_repos":10000}}
[info] 
[info] ✔  Success! Logged into GitHub as jelyncorners 
[info] 
